[1003/095350.465:WARNING:dns_config_service_win.cc(583)] Failed to read DnsConfig.
[1003/095350.966:WARNING:dns_config_service_win.cc(583)] Failed to read DnsConfig.
[1003/095353.982:INFO:CONSOLE(21172)] "THREE.WebGLRenderer 92", source: file:///C:/Program%20Files/AnyLogic%208.8%20University/plugins/com.anylogic.graphics3d_8.8.4.202307181718/static/build/three.js (21172)
[1003/095354.365:INFO:CONSOLE(3660)] "THREE.ColladaLoader: File version 1.4.0", source: file:///C:/Program%20Files/AnyLogic%208.8%20University/plugins/com.anylogic.graphics3d_8.8.4.202307181718/static/libs/ColladaLoader.js (3660)
[1003/095354.397:INFO:CONSOLE(255)] "Loaded: file:C:/Users/larad/Facultad/4to Año/Simulacion/TPI/TP-showcase1 (3)/3d/reseption_2.dae", source: file:///C:/Program%20Files/AnyLogic%208.8%20University/plugins/com.anylogic.graphics3d_8.8.4.202307181718/static/init.js (255)
[1003/095354.397:INFO:CONSOLE(271)] "load end: file:C:/Users/larad/Facultad/4to Año/Simulacion/TPI/TP-showcase1 (3)/3d/reseption_2.dae", source: file:///C:/Program%20Files/AnyLogic%208.8%20University/plugins/com.anylogic.graphics3d_8.8.4.202307181718/static/init.js (271)
[1003/095354.644:INFO:CONSOLE(3660)] "THREE.ColladaLoader: File version 1.4.0", source: file:///C:/Program%20Files/AnyLogic%208.8%20University/plugins/com.anylogic.graphics3d_8.8.4.202307181718/static/libs/ColladaLoader.js (3660)
[1003/095354.652:INFO:CONSOLE(255)] "Loaded: file:C:/Users/larad/Facultad/4to Año/Simulacion/TPI/TP-showcase1 (3)/3d/reseption_1.dae", source: file:///C:/Program%20Files/AnyLogic%208.8%20University/plugins/com.anylogic.graphics3d_8.8.4.202307181718/static/init.js (255)
[1003/095354.652:INFO:CONSOLE(271)] "load end: file:C:/Users/larad/Facultad/4to Año/Simulacion/TPI/TP-showcase1 (3)/3d/reseption_1.dae", source: file:///C:/Program%20Files/AnyLogic%208.8%20University/plugins/com.anylogic.graphics3d_8.8.4.202307181718/static/init.js (271)
[1003/095354.700:INFO:CONSOLE(3660)] "THREE.ColladaLoader: File version 1.4.0", source: file:///C:/Program%20Files/AnyLogic%208.8%20University/plugins/com.anylogic.graphics3d_8.8.4.202307181718/static/libs/ColladaLoader.js (3660)
[1003/095354.708:INFO:CONSOLE(255)] "Loaded: file:C:/Users/larad/Facultad/4to Año/Simulacion/TPI/TP-showcase1 (3)/3d/monitor_on.dae", source: file:///C:/Program%20Files/AnyLogic%208.8%20University/plugins/com.anylogic.graphics3d_8.8.4.202307181718/static/init.js (255)
[1003/095354.708:INFO:CONSOLE(271)] "load end: file:C:/Users/larad/Facultad/4to Año/Simulacion/TPI/TP-showcase1 (3)/3d/monitor_on.dae", source: file:///C:/Program%20Files/AnyLogic%208.8%20University/plugins/com.anylogic.graphics3d_8.8.4.202307181718/static/init.js (271)
[1003/095354.756:INFO:CONSOLE(3660)] "THREE.ColladaLoader: File version 1.4.0", source: file:///C:/Program%20Files/AnyLogic%208.8%20University/plugins/com.anylogic.graphics3d_8.8.4.202307181718/static/libs/ColladaLoader.js (3660)
[1003/095354.764:INFO:CONSOLE(255)] "Loaded: file:C:/Users/larad/Facultad/4to Año/Simulacion/TPI/TP-showcase1 (3)/3d/officeworker.dae", source: file:///C:/Program%20Files/AnyLogic%208.8%20University/plugins/com.anylogic.graphics3d_8.8.4.202307181718/static/init.js (255)
[1003/095354.764:INFO:CONSOLE(271)] "load end: file:C:/Users/larad/Facultad/4to Año/Simulacion/TPI/TP-showcase1 (3)/3d/officeworker.dae", source: file:///C:/Program%20Files/AnyLogic%208.8%20University/plugins/com.anylogic.graphics3d_8.8.4.202307181718/static/init.js (271)
[1003/095354.812:INFO:CONSOLE(3660)] "THREE.ColladaLoader: File version 1.4.0", source: file:///C:/Program%20Files/AnyLogic%208.8%20University/plugins/com.anylogic.graphics3d_8.8.4.202307181718/static/libs/ColladaLoader.js (3660)
[1003/095354.820:INFO:CONSOLE(255)] "Loaded: file:C:/Users/larad/Facultad/4to Año/Simulacion/TPI/TP-showcase1 (3)/3d/ticket_vending_machine_1.dae", source: file:///C:/Program%20Files/AnyLogic%208.8%20University/plugins/com.anylogic.graphics3d_8.8.4.202307181718/static/init.js (255)
[1003/095354.820:INFO:CONSOLE(271)] "load end: file:C:/Users/larad/Facultad/4to Año/Simulacion/TPI/TP-showcase1 (3)/3d/ticket_vending_machine_1.dae", source: file:///C:/Program%20Files/AnyLogic%208.8%20University/plugins/com.anylogic.graphics3d_8.8.4.202307181718/static/init.js (271)
[1003/095355.471:WARNING:dns_config_service_win.cc(583)] Failed to read DnsConfig.
[1003/095355.987:WARNING:dns_config_service_win.cc(583)] Failed to read DnsConfig.
[1003/095405.489:WARNING:dns_config_service_win.cc(583)] Failed to read DnsConfig.
[1003/095406.000:WARNING:dns_config_service_win.cc(583)] Failed to read DnsConfig.
[1003/095425.496:WARNING:dns_config_service_win.cc(583)] Failed to read DnsConfig.
[1003/095426.020:WARNING:dns_config_service_win.cc(583)] Failed to read DnsConfig.
[1003/095550.746:ERROR:gpu_init.cc(523)] Passthrough is not supported, GL is disabled, ANGLE is 
[1027/154632.823:INFO:CONSOLE(21172)] "THREE.WebGLRenderer 92", source: file:///C:/Program%20Files/AnyLogic%208.8%20University/plugins/com.anylogic.graphics3d_8.8.4.202307181718/static/build/three.js (21172)
[1027/154633.459:INFO:CONSOLE(3660)] "THREE.ColladaLoader: File version 1.4.0", source: file:///C:/Program%20Files/AnyLogic%208.8%20University/plugins/com.anylogic.graphics3d_8.8.4.202307181718/static/libs/ColladaLoader.js (3660)
[1027/154633.477:INFO:CONSOLE(255)] "Loaded: file:C:/Users/Liza/Desktop/TPSimulacion/TPI-Simulacion-Showcase/3d/reseption_2.dae", source: file:///C:/Program%20Files/AnyLogic%208.8%20University/plugins/com.anylogic.graphics3d_8.8.4.202307181718/static/init.js (255)
[1027/154633.478:INFO:CONSOLE(271)] "load end: file:C:/Users/Liza/Desktop/TPSimulacion/TPI-Simulacion-Showcase/3d/reseption_2.dae", source: file:///C:/Program%20Files/AnyLogic%208.8%20University/plugins/com.anylogic.graphics3d_8.8.4.202307181718/static/init.js (271)
[1027/154633.629:INFO:CONSOLE(3660)] "THREE.ColladaLoader: File version 1.4.0", source: file:///C:/Program%20Files/AnyLogic%208.8%20University/plugins/com.anylogic.graphics3d_8.8.4.202307181718/static/libs/ColladaLoader.js (3660)
[1027/154633.633:INFO:CONSOLE(255)] "Loaded: file:C:/Users/Liza/Desktop/TPSimulacion/TPI-Simulacion-Showcase/3d/reseption_1.dae", source: file:///C:/Program%20Files/AnyLogic%208.8%20University/plugins/com.anylogic.graphics3d_8.8.4.202307181718/static/init.js (255)
[1027/154633.634:INFO:CONSOLE(271)] "load end: file:C:/Users/Liza/Desktop/TPSimulacion/TPI-Simulacion-Showcase/3d/reseption_1.dae", source: file:///C:/Program%20Files/AnyLogic%208.8%20University/plugins/com.anylogic.graphics3d_8.8.4.202307181718/static/init.js (271)
[1027/154633.669:INFO:CONSOLE(3660)] "THREE.ColladaLoader: File version 1.4.0", source: file:///C:/Program%20Files/AnyLogic%208.8%20University/plugins/com.anylogic.graphics3d_8.8.4.202307181718/static/libs/ColladaLoader.js (3660)
[1027/154633.674:INFO:CONSOLE(255)] "Loaded: file:C:/Users/Liza/Desktop/TPSimulacion/TPI-Simulacion-Showcase/3d/monitor_on.dae", source: file:///C:/Program%20Files/AnyLogic%208.8%20University/plugins/com.anylogic.graphics3d_8.8.4.202307181718/static/init.js (255)
[1027/154633.675:INFO:CONSOLE(271)] "load end: file:C:/Users/Liza/Desktop/TPSimulacion/TPI-Simulacion-Showcase/3d/monitor_on.dae", source: file:///C:/Program%20Files/AnyLogic%208.8%20University/plugins/com.anylogic.graphics3d_8.8.4.202307181718/static/init.js (271)
[1027/154633.712:INFO:CONSOLE(3660)] "THREE.ColladaLoader: File version 1.4.0", source: file:///C:/Program%20Files/AnyLogic%208.8%20University/plugins/com.anylogic.graphics3d_8.8.4.202307181718/static/libs/ColladaLoader.js (3660)
[1027/154633.728:INFO:CONSOLE(255)] "Loaded: file:C:/Users/Liza/Desktop/TPSimulacion/TPI-Simulacion-Showcase/3d/officeworker.dae", source: file:///C:/Program%20Files/AnyLogic%208.8%20University/plugins/com.anylogic.graphics3d_8.8.4.202307181718/static/init.js (255)
[1027/154633.729:INFO:CONSOLE(271)] "load end: file:C:/Users/Liza/Desktop/TPSimulacion/TPI-Simulacion-Showcase/3d/officeworker.dae", source: file:///C:/Program%20Files/AnyLogic%208.8%20University/plugins/com.anylogic.graphics3d_8.8.4.202307181718/static/init.js (271)
[1027/154633.767:INFO:CONSOLE(3660)] "THREE.ColladaLoader: File version 1.4.0", source: file:///C:/Program%20Files/AnyLogic%208.8%20University/plugins/com.anylogic.graphics3d_8.8.4.202307181718/static/libs/ColladaLoader.js (3660)
[1027/154633.771:INFO:CONSOLE(255)] "Loaded: file:C:/Users/Liza/Desktop/TPSimulacion/TPI-Simulacion-Showcase/3d/ticket_vending_machine_1.dae", source: file:///C:/Program%20Files/AnyLogic%208.8%20University/plugins/com.anylogic.graphics3d_8.8.4.202307181718/static/init.js (255)
[1027/154633.772:INFO:CONSOLE(271)] "load end: file:C:/Users/Liza/Desktop/TPSimulacion/TPI-Simulacion-Showcase/3d/ticket_vending_machine_1.dae", source: file:///C:/Program%20Files/AnyLogic%208.8%20University/plugins/com.anylogic.graphics3d_8.8.4.202307181718/static/init.js (271)
[1027/154830.205:ERROR:gpu_init.cc(523)] Passthrough is not supported, GL is disabled, ANGLE is 
